Arguments: 
  /Users/r.ong.4/.nvm/versions/node/v18.15.0/bin/node /usr/local/bin/yarn init

PATH: 
  /Users/r.ong.4/.gvm/pkgsets/go1.19/global/bin:/Users/r.ong.4/.gvm/gos/go1.19/bin:/Users/r.ong.4/.gvm/pkgsets/go1.19/global/overlay/bin:/Users/r.ong.4/.gvm/bin:/Users/r.ong.4/.gvm/bin:./bin:./node_modules/.bin:/Users/r.ong.4/.local/share/nvim/mason/bin:/Users/r.ong.4/.gvm/pkgsets/go1.19/global/bin:/Users/r.ong.4/.gvm/gos/go1.19/bin:/Users/r.ong.4/.gvm/pkgsets/go1.19/global/overlay/bin:/Users/r.ong.4/.gvm/bin:/Users/r.ong.4/.gvm/bin:./bin:./node_modules/.bin:/Users/r.ong.4/.nvm/versions/node/v18.15.0/bin:/Users/r.ong.4/.pyenv/shims:/Users/r.ong.4/.pyenv/bin:/opt/homebrew/bin:/opt/homebrew/sbin:/Users/r.ong.4/.pyenv/bin:/usr/local/bin:/usr/bin:/bin:/usr/sbin:/sbin:/usr/local/go/bin:/Users/r.ong.4/.cargo/bin:/Applications/kitty.app/Contents/MacOS:/usr/local/sbin:/usr/local/go/bin:/Users/r.ong.4/go/bin:/opt/homebrew/opt/fzf/bin:/usr/local/sbin:/usr/local/go/bin:/Users/r.ong.4/go/bin

Yarn version: 
  1.22.19

Node version: 
  18.15.0

Platform: 
  darwin arm64

Trace: 
  Error: canceled
      at Interface.<anonymous> (/usr/local/lib/node_modules/yarn/lib/cli.js:137150:13)
      at Interface.emit (node:events:513:28)
      at [_ttyWrite] [as _ttyWrite] (node:internal/readline/interface:1131:18)
      at ReadStream.onkeypress (node:internal/readline/interface:270:20)
      at ReadStream.emit (node:events:513:28)
      at emitKeys (node:internal/readline/utils:357:14)
      at emitKeys.next (<anonymous>)
      at ReadStream.onData (node:internal/readline/emitKeypressEvents:64:36)
      at ReadStream.emit (node:events:513:28)
      at addChunk (node:internal/streams/readable:324:12)

npm manifest: 
  No manifest

yarn manifest: 
  No manifest

Lockfile: 
  No lockfile
